<?xml version="1.0" encoding="UTF-8"?>
<testsuite name="RectangleTest" tests="5" skipped="0" failures="0" errors="0" timestamp="2024-07-03T00:13:59" hostname="ASUS" time="0.01">
  <properties/>
  <testcase name="testMove()" classname="RectangleTest" time="0.003"/>
  <testcase name="testGetArea()" classname="RectangleTest" time="0.0"/>
  <testcase name="testSquareConstruction()" classname="RectangleTest" time="0.001"/>
  <testcase name="testInvalidSquare()" classname="RectangleTest" time="0.001"/>
  <testcase name="testRectangleConstruction()" classname="RectangleTest" time="0.0"/>
  <system-out><![CDATA[]]></system-out>
  <system-err><![CDATA[]]></system-err>
</testsuite>
