<?xml version="1.0" encoding="UTF-8"?>
<testsuite name="PointTest" tests="2" skipped="0" failures="0" errors="0" timestamp="2024-07-03T00:13:59" hostname="ASUS" time="0.002">
  <properties/>
  <testcase name="testCloning()" classname="PointTest" time="0.0"/>
  <testcase name="testPointConstruction()" classname="PointTest" time="0.001"/>
  <system-out><![CDATA[]]></system-out>
  <system-err><![CDATA[]]></system-err>
</testsuite>
