<?xml version="1.0" encoding="UTF-8"?>
<testsuite name="LineTest" tests="4" skipped="0" failures="0" errors="0" timestamp="2024-07-03T00:13:59" hostname="ASUS" time="0.006">
  <properties/>
  <testcase name="testLineConstruction()" classname="LineTest" time="0.001"/>
  <testcase name="testGetSlope()" classname="LineTest" time="0.001"/>
  <testcase name="testMove()" classname="LineTest" time="0.0"/>
  <testcase name="testGetLength()" classname="LineTest" time="0.001"/>
  <system-out><![CDATA[]]></system-out>
  <system-err><![CDATA[]]></system-err>
</testsuite>
